Arguments: 
  C:\Program Files\nodejs\node.exe C:\Users\Dhananjay\AppData\Roaming\npm\node_modules\yarn\bin\yarn.js add install components/layout/Layout

PATH: 
  C:\Users\Dhananjay\bin;C:\Program Files\Git\mingw64\bin;C:\Program Files\Git\usr\local\bin;C:\Program Files\Git\usr\bin;C:\Program Files\Git\usr\bin;C:\Program Files\Git\mingw64\bin;C:\Program Files\Git\usr\bin;C:\Users\Dhananjay\bin;C:\Program Files\Common Files\Oracle\Java\javapath;C:\Windows\system32;C:\Windows;C:\Windows\System32\Wbem;C:\Windows\System32\WindowsPowerShell\v1.0;C:\Windows\System32\OpenSSH;C:\Program Files (x86)\NVIDIA Corporation\PhysX\Common;C:\Program Files\NVIDIA Corporation\NVIDIA NvDLISR;C:\MinGW\bin;C:\Program Files\Java\jdk-16.0.1\bin;C:\Program Files\gnuplot\bin;C:\Program Files (x86)\Ghdl\Bin;C:\Program Files\dotnet;C:\Program Files\Git\cmd;C:\Program Files\nodejs;C:\Users\Dhananjay\AppData\Local\Programs\Python\Python39\Scripts;C:\Users\Dhananjay\AppData\Local\Programs\Python\Python39;C:\Users\Dhananjay\AppData\Local\Microsoft\WindowsApps;C:\Users\Dhananjay\AppData\Local\Programs\Microsoft VS Code\bin;C:\Program Files\JetBrains\CLion 2021.1.3\bin;C:\Program Files\JetBrains\IntelliJ IDEA 2021.1.3\bin;C:\Program Files\JetBrains\PyCharm 2021.1.3\bin;C:\opencv\build\x64\vc15\bin;C:\Users\Dhananjay\miniconda3\Scripts;C:\Users\Dhananjay\AppData\Roaming\npm;C:\Program Files\Git\usr\bin\vendor_perl;C:\Program Files\Git\usr\bin\core_perl

Yarn version: 
  1.22.18

Node version: 
  16.15.0

Platform: 
  win32 x64

Trace: 
  Error: https://registry.yarnpkg.com/components%2flayout/Layout: Request "https://registry.yarnpkg.com/components%2flayout/Layout" returned a 405
      at Request.params.callback [as _callback] (C:\Users\Dhananjay\AppData\Roaming\npm\node_modules\yarn\lib\cli.js:66147:18)
      at Request.self.callback (C:\Users\Dhananjay\AppData\Roaming\npm\node_modules\yarn\lib\cli.js:140883:22)
      at Request.emit (node:events:527:28)
      at Request.<anonymous> (C:\Users\Dhananjay\AppData\Roaming\npm\node_modules\yarn\lib\cli.js:141855:10)
      at Request.emit (node:events:527:28)
      at IncomingMessage.<anonymous> (C:\Users\Dhananjay\AppData\Roaming\npm\node_modules\yarn\lib\cli.js:141777:12)
      at Object.onceWrapper (node:events:641:28)
      at IncomingMessage.emit (node:events:539:35)
      at endReadableNT (node:internal/streams/readable:1345:12)
      at processTicksAndRejections (node:internal/process/task_queues:83:21)

npm manifest: 
  {
    "name": "webreact",
    "version": "0.1.0",
    "private": true,
    "dependencies": {
      "@testing-library/jest-dom": "^5.16.4",
      "@testing-library/react": "^13.3.0",
      "@testing-library/user-event": "^13.5.0",
      "react": "^18.1.0",
      "react-dom": "^18.1.0",
      "react-router-dom": "^6.3.0",
      "react-scripts": "5.0.1",
      "web-vitals": "^2.1.4"
    },
    "scripts": {
      "start": "react-scripts start",
      "build": "react-scripts build",
      "test": "react-scripts test",
      "eject": "react-scripts eject"
    },
    "eslintConfig": {
      "extends": [
        "react-app",
        "react-app/jest"
      ]
    },
    "browserslist": {
      "production": [
        ">0.2%",
        "not dead",
        "not op_mini all"
      ],
      "development": [
        "last 1 chrome version",
        "last 1 firefox version",
        "last 1 safari version"
      ]
    }
  }

yarn manifest: 
  No manifest

Lockfile: 
  No lockfile
